[2014-01-31  14:45:13] INFO main/main Icecast 2.3.99.4 server started
[2014-01-31  14:45:13] WARN main/main YP server handling has been disabled
[2014-01-31  14:45:13] INFO connection/get_ssl_certificate No SSL capability on any configured ports
[2014-01-31  14:46:56] INFO fserve/fserve_client_create checking for file /style.css (/home/therusskiy/nodejs/radio/icecast/share/web/style.css)
[2014-01-31  14:46:56] INFO fserve/fserve_client_create checking for file /corner_topleft.jpg (/home/therusskiy/nodejs/radio/icecast/share/web/corner_topleft.jpg)
[2014-01-31  14:46:56] INFO fserve/fserve_client_create checking for file /corner_bottomleft.jpg (/home/therusskiy/nodejs/radio/icecast/share/web/corner_bottomleft.jpg)
[2014-01-31  14:46:56] INFO fserve/fserve_client_create checking for file /corner_bottomright.jpg (/home/therusskiy/nodejs/radio/icecast/share/web/corner_bottomright.jpg)
[2014-01-31  14:46:56] INFO fserve/fserve_client_create checking for file /corner_topright.jpg (/home/therusskiy/nodejs/radio/icecast/share/web/corner_topright.jpg)
[2014-01-31  14:46:56] INFO fserve/fserve_client_create checking for file /icecast.png (/home/therusskiy/nodejs/radio/icecast/share/web/icecast.png)
[2014-01-31  14:46:56] INFO fserve/fserve_client_create checking for file /favicon.ico (/home/therusskiy/nodejs/radio/icecast/share/web/favicon.ico)
[2014-01-31  14:46:56] WARN fserve/fserve_client_create req for file "/home/therusskiy/nodejs/radio/icecast/share/web/favicon.ico" No such file or directory
[2014-01-31  14:47:01] INFO admin/admin_handle_request Bad or missing password on admin command request (command: )
[2014-01-31  14:47:07] INFO fserve/fserve_client_create checking for file /style.css (/home/therusskiy/nodejs/radio/icecast/share/web/style.css)
[2014-01-31  14:47:07] INFO fserve/fserve_client_create checking for file /corner_topleft.jpg (/home/therusskiy/nodejs/radio/icecast/share/web/corner_topleft.jpg)
[2014-01-31  14:47:07] INFO fserve/fserve_client_create checking for file /corner_bottomleft.jpg (/home/therusskiy/nodejs/radio/icecast/share/web/corner_bottomleft.jpg)
[2014-01-31  14:47:08] INFO fserve/fserve_client_create checking for file /icecast.png (/home/therusskiy/nodejs/radio/icecast/share/web/icecast.png)
[2014-01-31  14:47:08] INFO fserve/fserve_client_create checking for file /corner_topright.jpg (/home/therusskiy/nodejs/radio/icecast/share/web/corner_topright.jpg)
[2014-01-31  14:47:08] INFO fserve/fserve_client_create checking for file /corner_bottomright.jpg (/home/therusskiy/nodejs/radio/icecast/share/web/corner_bottomright.jpg)
[2014-01-31  14:47:14] INFO fserve/fserve_client_create checking for file /style.css (/home/therusskiy/nodejs/radio/icecast/share/web/style.css)
[2014-01-31  14:47:14] INFO fserve/fserve_client_create checking for file /corner_topleft.jpg (/home/therusskiy/nodejs/radio/icecast/share/web/corner_topleft.jpg)
[2014-01-31  14:47:14] INFO fserve/fserve_client_create checking for file /corner_bottomleft.jpg (/home/therusskiy/nodejs/radio/icecast/share/web/corner_bottomleft.jpg)
[2014-01-31  14:47:14] INFO fserve/fserve_client_create checking for file /icecast.png (/home/therusskiy/nodejs/radio/icecast/share/web/icecast.png)
[2014-01-31  14:47:14] INFO fserve/fserve_client_create checking for file /corner_topright.jpg (/home/therusskiy/nodejs/radio/icecast/share/web/corner_topright.jpg)
[2014-01-31  14:47:14] INFO fserve/fserve_client_create checking for file /corner_bottomright.jpg (/home/therusskiy/nodejs/radio/icecast/share/web/corner_bottomright.jpg)
[2014-01-31  14:47:16] INFO fserve/fserve_client_create checking for file /style.css (/home/therusskiy/nodejs/radio/icecast/share/web/style.css)
[2014-01-31  14:47:16] INFO fserve/fserve_client_create checking for file /corner_topleft.jpg (/home/therusskiy/nodejs/radio/icecast/share/web/corner_topleft.jpg)
[2014-01-31  14:47:16] INFO fserve/fserve_client_create checking for file /corner_bottomleft.jpg (/home/therusskiy/nodejs/radio/icecast/share/web/corner_bottomleft.jpg)
[2014-01-31  14:47:16] INFO fserve/fserve_client_create checking for file /icecast.png (/home/therusskiy/nodejs/radio/icecast/share/web/icecast.png)
[2014-01-31  14:47:16] INFO fserve/fserve_client_create checking for file /corner_topright.jpg (/home/therusskiy/nodejs/radio/icecast/share/web/corner_topright.jpg)
[2014-01-31  14:47:16] INFO fserve/fserve_client_create checking for file /corner_bottomright.jpg (/home/therusskiy/nodejs/radio/icecast/share/web/corner_bottomright.jpg)
[2014-01-31  14:47:18] INFO fserve/fserve_client_create checking for file /style.css (/home/therusskiy/nodejs/radio/icecast/share/web/style.css)
[2014-01-31  14:47:18] INFO fserve/fserve_client_create checking for file /corner_topleft.jpg (/home/therusskiy/nodejs/radio/icecast/share/web/corner_topleft.jpg)
[2014-01-31  14:47:18] INFO fserve/fserve_client_create checking for file /corner_bottomleft.jpg (/home/therusskiy/nodejs/radio/icecast/share/web/corner_bottomleft.jpg)
[2014-01-31  14:47:18] INFO fserve/fserve_client_create checking for file /icecast.png (/home/therusskiy/nodejs/radio/icecast/share/web/icecast.png)
[2014-01-31  14:47:18] INFO fserve/fserve_client_create checking for file /corner_bottomright.jpg (/home/therusskiy/nodejs/radio/icecast/share/web/corner_bottomright.jpg)
[2014-01-31  14:47:18] INFO fserve/fserve_client_create checking for file /corner_topright.jpg (/home/therusskiy/nodejs/radio/icecast/share/web/corner_topright.jpg)
[2014-01-31  14:47:20] INFO fserve/fserve_client_create checking for file /style.css (/home/therusskiy/nodejs/radio/icecast/share/web/style.css)
[2014-01-31  14:47:20] INFO fserve/fserve_client_create checking for file /corner_topleft.jpg (/home/therusskiy/nodejs/radio/icecast/share/web/corner_topleft.jpg)
[2014-01-31  14:47:20] INFO fserve/fserve_client_create checking for file /corner_bottomleft.jpg (/home/therusskiy/nodejs/radio/icecast/share/web/corner_bottomleft.jpg)
[2014-01-31  14:47:20] INFO fserve/fserve_client_create checking for file /icecast.png (/home/therusskiy/nodejs/radio/icecast/share/web/icecast.png)
[2014-01-31  14:47:20] INFO fserve/fserve_client_create checking for file /corner_topright.jpg (/home/therusskiy/nodejs/radio/icecast/share/web/corner_topright.jpg)
[2014-01-31  14:47:20] INFO fserve/fserve_client_create checking for file /corner_bottomright.jpg (/home/therusskiy/nodejs/radio/icecast/share/web/corner_bottomright.jpg)
[2014-01-31  14:47:25] INFO fserve/fserve_client_create checking for file /style.css (/home/therusskiy/nodejs/radio/icecast/share/web/style.css)
[2014-01-31  14:47:25] INFO fserve/fserve_client_create checking for file /corner_topleft.jpg (/home/therusskiy/nodejs/radio/icecast/share/web/corner_topleft.jpg)
[2014-01-31  14:47:25] INFO fserve/fserve_client_create checking for file /corner_bottomleft.jpg (/home/therusskiy/nodejs/radio/icecast/share/web/corner_bottomleft.jpg)
[2014-01-31  14:47:25] INFO fserve/fserve_client_create checking for file /icecast.png (/home/therusskiy/nodejs/radio/icecast/share/web/icecast.png)
[2014-01-31  14:47:25] INFO fserve/fserve_client_create checking for file /corner_topright.jpg (/home/therusskiy/nodejs/radio/icecast/share/web/corner_topright.jpg)
[2014-01-31  14:47:25] INFO fserve/fserve_client_create checking for file /corner_bottomright.jpg (/home/therusskiy/nodejs/radio/icecast/share/web/corner_bottomright.jpg)
[2014-01-31  14:47:36] INFO fserve/fserve_client_create checking for file /style.css (/home/therusskiy/nodejs/radio/icecast/share/web/style.css)
[2014-01-31  14:47:36] INFO fserve/fserve_client_create checking for file /corner_topleft.jpg (/home/therusskiy/nodejs/radio/icecast/share/web/corner_topleft.jpg)
[2014-01-31  14:47:36] INFO fserve/fserve_client_create checking for file /corner_bottomleft.jpg (/home/therusskiy/nodejs/radio/icecast/share/web/corner_bottomleft.jpg)
[2014-01-31  14:47:36] INFO fserve/fserve_client_create checking for file /icecast.png (/home/therusskiy/nodejs/radio/icecast/share/web/icecast.png)
[2014-01-31  14:47:36] INFO fserve/fserve_client_create checking for file /corner_topright.jpg (/home/therusskiy/nodejs/radio/icecast/share/web/corner_topright.jpg)
[2014-01-31  14:47:36] INFO fserve/fserve_client_create checking for file /corner_bottomright.jpg (/home/therusskiy/nodejs/radio/icecast/share/web/corner_bottomright.jpg)
[2014-01-31  14:47:37] INFO fserve/fserve_client_create checking for file /style.css (/home/therusskiy/nodejs/radio/icecast/share/web/style.css)
[2014-01-31  14:47:37] INFO fserve/fserve_client_create checking for file /corner_topleft.jpg (/home/therusskiy/nodejs/radio/icecast/share/web/corner_topleft.jpg)
[2014-01-31  14:47:37] INFO fserve/fserve_client_create checking for file /corner_bottomleft.jpg (/home/therusskiy/nodejs/radio/icecast/share/web/corner_bottomleft.jpg)
[2014-01-31  14:47:37] INFO fserve/fserve_client_create checking for file /icecast.png (/home/therusskiy/nodejs/radio/icecast/share/web/icecast.png)
[2014-01-31  14:47:37] INFO fserve/fserve_client_create checking for file /corner_topright.jpg (/home/therusskiy/nodejs/radio/icecast/share/web/corner_topright.jpg)
[2014-01-31  14:47:37] INFO fserve/fserve_client_create checking for file /corner_bottomright.jpg (/home/therusskiy/nodejs/radio/icecast/share/web/corner_bottomright.jpg)
[2014-01-31  14:47:40] INFO fserve/fserve_client_create checking for file /style.css (/home/therusskiy/nodejs/radio/icecast/share/web/style.css)
[2014-01-31  14:47:40] INFO fserve/fserve_client_create checking for file /corner_topleft.jpg (/home/therusskiy/nodejs/radio/icecast/share/web/corner_topleft.jpg)
[2014-01-31  14:47:40] INFO fserve/fserve_client_create checking for file /corner_bottomleft.jpg (/home/therusskiy/nodejs/radio/icecast/share/web/corner_bottomleft.jpg)
[2014-01-31  14:47:40] INFO fserve/fserve_client_create checking for file /icecast.png (/home/therusskiy/nodejs/radio/icecast/share/web/icecast.png)
[2014-01-31  14:47:40] INFO fserve/fserve_client_create checking for file /corner_topright.jpg (/home/therusskiy/nodejs/radio/icecast/share/web/corner_topright.jpg)
[2014-01-31  14:47:40] INFO fserve/fserve_client_create checking for file /corner_bottomright.jpg (/home/therusskiy/nodejs/radio/icecast/share/web/corner_bottomright.jpg)
[2014-01-31  14:47:42] INFO fserve/fserve_client_create checking for file /style.css (/home/therusskiy/nodejs/radio/icecast/share/web/style.css)
[2014-01-31  14:47:42] INFO fserve/fserve_client_create checking for file /corner_topleft.jpg (/home/therusskiy/nodejs/radio/icecast/share/web/corner_topleft.jpg)
[2014-01-31  14:47:42] INFO fserve/fserve_client_create checking for file /corner_bottomleft.jpg (/home/therusskiy/nodejs/radio/icecast/share/web/corner_bottomleft.jpg)
[2014-01-31  14:47:42] INFO fserve/fserve_client_create checking for file /icecast.png (/home/therusskiy/nodejs/radio/icecast/share/web/icecast.png)
[2014-01-31  14:47:42] INFO fserve/fserve_client_create checking for file /corner_topright.jpg (/home/therusskiy/nodejs/radio/icecast/share/web/corner_topright.jpg)
[2014-01-31  14:47:42] INFO fserve/fserve_client_create checking for file /corner_bottomright.jpg (/home/therusskiy/nodejs/radio/icecast/share/web/corner_bottomright.jpg)
